[debug] [2021-07-19T01:58:45.260Z] ----------------------------------------------------------------------
[debug] [2021-07-19T01:58:45.260Z] Command:       /usr/local/bin/node /usr/local/bin/firebase init hosting
[debug] [2021-07-19T01:58:45.261Z] CLI Version:   9.16.0
[debug] [2021-07-19T01:58:45.261Z] Platform:      darwin
[debug] [2021-07-19T01:58:45.261Z] Node Version:  v16.2.0
[debug] [2021-07-19T01:58:45.261Z] Time:          Mon Jul 19 2021 10:58:45 GMT+0900 (日本標準時)
[debug] [2021-07-19T01:58:45.261Z] ----------------------------------------------------------------------
[debug] 
[debug] [2021-07-19T01:58:45.263Z] > command requires scopes: ["email","openid","https://www.googleapis.com/auth/cloudplatformprojects.readonly","https://www.googleapis.com/auth/firebase","https://www.googleapis.com/auth/cloud-platform"]
[debug] [2021-07-19T01:58:45.263Z] > authorizing via signed-in user (yyqpp621@gmail.com)
[info] 
     ######## #### ########  ######## ########     ###     ######  ########
     ##        ##  ##     ## ##       ##     ##  ##   ##  ##       ##
     ######    ##  ########  ######   ########  #########  ######  ######
     ##        ##  ##    ##  ##       ##     ## ##     ##       ## ##
     ##       #### ##     ## ######## ########  ##     ##  ######  ########

You're about to initialize a Firebase project in this directory:

  /Users/kotatsumuri/Documents/mappingram/mappingram

[info] 
=== Project Setup
[info] 
[info] First, let's associate this project directory with a Firebase project.
[info] You can create multiple project aliases by running firebase use --add, 
[info] but for now we'll just set up a default project.
[info] 
[debug] [2021-07-19T01:59:02.366Z] >>> [apiv2][query] GET https://firebase.googleapis.com/v1beta1/projects pageSize=100
[debug] [2021-07-19T01:59:03.092Z] <<< [apiv2][status] GET https://firebase.googleapis.com/v1beta1/projects 200
[debug] [2021-07-19T01:59:03.092Z] <<< [apiv2][body] GET https://firebase.googleapis.com/v1beta1/projects [omitted]
[info] i  Using project mappingram (mappingram) 
[info] 
=== Hosting Setup
[info] 
[info] Your public directory is the folder (relative to your project directory) that
[info] will contain Hosting assets to be uploaded with firebase deploy. If you
[info] have a build process for your assets, use your build's output directory.
[info] 
[debug] [2021-07-19T01:59:26.472Z] >>> [apiv2][query] GET https://www.gstatic.com/firebasejs/releases.json [none]
[debug] [2021-07-19T01:59:26.593Z] <<< [apiv2][status] GET https://www.gstatic.com/firebasejs/releases.json 200
[debug] [2021-07-19T01:59:26.593Z] <<< [apiv2][body] GET https://www.gstatic.com/firebasejs/releases.json {"current":{"version":"8.7.1","browserURL":"https://www.gstatic.com/firebasejs/8.7.1/firebase.js","packageURL":"https://www.gstatic.com/firebasejs/8.7.1/firebase.tgz"},"live":{"version":"8.7","browserURL":"https://www.gstatic.com/firebasejs/live/8.7/firebase.js","packageURL":"https://www.gstatic.com/firebasejs/live/8.7/firebase.tgz"},"components":{"analytics":"https://www.gstatic.com/firebasejs/8.7.1/firebase-analytics.js","app":"https://www.gstatic.com/firebasejs/8.7.1/firebase-app.js","app-check":"https://www.gstatic.com/firebasejs/8.7.1/firebase-app-check.js","auth":"https://www.gstatic.com/firebasejs/8.7.1/firebase-auth.js","database":"https://www.gstatic.com/firebasejs/8.7.1/firebase-database.js","firestore":"https://www.gstatic.com/firebasejs/8.7.1/firebase-firestore.js","functions":"https://www.gstatic.com/firebasejs/8.7.1/firebase-functions.js","installations":"https://www.gstatic.com/firebasejs/8.7.1/firebase-installations.js","messaging":"https://www.gstatic.com/firebasejs/8.7.1/firebase-messaging.js","storage":"https://www.gstatic.com/firebasejs/8.7.1/firebase-storage.js","performance":"https://www.gstatic.com/firebasejs/8.7.1/firebase-performance.js","remote-config":"https://www.gstatic.com/firebasejs/8.7.1/firebase-remote-config.js","firestore.memory":"https://www.gstatic.com/firebasejs/8.7.1/firebase-firestore.memory.js"}}
[info] ✔  Wrote dist/index.html 
[info] 
[info] i  Detected a .git folder at /Users/kotatsumuri/Documents/mappingram/mappingram 
[info] i  Authorizing with GitHub to upload your service account to a GitHub repository's secrets store. 
[info] 
[info] Visit this URL on this device to log in:
[info] https://github.com/login/oauth/authorize?client_id=89cf50f02ac6aaed3484&state=521161756&redirect_uri=http%3A%2F%2Flocalhost%3A9005&scope=read%3Auser%20repo%20public_repo
[info] 
[info] Waiting for authentication...
[debug] [2021-07-19T02:00:00.282Z] >>> HTTP REQUEST POST https://github.com/login/oauth/access_token  
 {"client_id":"89cf50f02ac6aaed3484","client_secret":"3330d14abc895d9a74d5f17cd7a00711fa2c5bf0","code":"49e1dd8fbe81a636ec40","redirect_uri":"http://localhost:9005","state":"521161756"}
[debug] [2021-07-19T02:00:00.561Z] <<< HTTP RESPONSE 200 {"server":"GitHub.com","date":"Mon, 19 Jul 2021 02:00:00 GMT","content-type":"application/json; charset=utf-8","transfer-encoding":"chunked","vary":"X-PJAX, Accept-Encoding, Accept, X-Requested-With","permissions-policy":"interest-cohort=()","etag":"W/\"7c991e6eb155949d20eae364df7990e6\"","cache-control":"max-age=0, private, must-revalidate","strict-transport-security":"max-age=31536000; includeSubdomains; preload","x-frame-options":"deny","x-content-type-options":"nosniff","x-xss-protection":"0","referrer-policy":"origin-when-cross-origin, strict-origin-when-cross-origin","expect-ct":"max-age=2592000, report-uri=\"https://api.github.com/_private/browser/errors\"","content-security-policy":"default-src 'none'; base-uri 'self'; block-all-mixed-content; connect-src 'self' uploads.github.com www.githubstatus.com collector.githubapp.com api.github.com github-cloud.s3.amazonaws.com github-production-repository-file-5c1aeb.s3.amazonaws.com github-production-upload-manifest-file-7fdce7.s3.amazonaws.com github-production-user-asset-6210df.s3.amazonaws.com cdn.optimizely.com logx.optimizely.com/v1/events translator.github.com wss://alive.github.com; font-src github.githubassets.com; form-action 'self' github.com gist.github.com; frame-ancestors 'none'; frame-src render.githubusercontent.com render-temp.githubusercontent.com viewscreen.githubusercontent.com; img-src 'self' data: github.githubassets.com identicons.github.com collector.githubapp.com github-cloud.s3.amazonaws.com secured-user-images.githubusercontent.com/ *.githubusercontent.com; manifest-src 'self'; media-src 'none'; script-src github.githubassets.com; style-src 'unsafe-inline' github.githubassets.com; worker-src github.com/socket-worker-3f088aa2.js gist.github.com/socket-worker-3f088aa2.js","x-github-request-id":"F785:566E:E7A25B:10B1097:60F4DCA0"}
[debug] [2021-07-19T02:00:00.567Z] >>> [apiv2][query] GET https://api.github.com/user [none]
[debug] [2021-07-19T02:00:00.959Z] <<< [apiv2][status] GET https://api.github.com/user 200
[debug] [2021-07-19T02:00:00.959Z] <<< [apiv2][body] GET https://api.github.com/user {"login":"kotatsumuri","id":38883126,"node_id":"MDQ6VXNlcjM4ODgzMTI2","avatar_url":"https://avatars.githubusercontent.com/u/38883126?v=4","gravatar_id":"","url":"https://api.github.com/users/kotatsumuri","html_url":"https://github.com/kotatsumuri","followers_url":"https://api.github.com/users/kotatsumuri/followers","following_url":"https://api.github.com/users/kotatsumuri/following{/other_user}","gists_url":"https://api.github.com/users/kotatsumuri/gists{/gist_id}","starred_url":"https://api.github.com/users/kotatsumuri/starred{/owner}{/repo}","subscriptions_url":"https://api.github.com/users/kotatsumuri/subscriptions","organizations_url":"https://api.github.com/users/kotatsumuri/orgs","repos_url":"https://api.github.com/users/kotatsumuri/repos","events_url":"https://api.github.com/users/kotatsumuri/events{/privacy}","received_events_url":"https://api.github.com/users/kotatsumuri/received_events","type":"User","site_admin":false,"name":null,"company":"National Institute Technology of Gifu College ","blog":"","location":"earth","email":null,"hireable":null,"bio":null,"twitter_username":null,"public_repos":12,"public_gists":0,"followers":9,"following":11,"created_at":"2018-05-01T12:13:56Z","updated_at":"2021-07-19T01:59:59Z","private_gists":2,"total_private_repos":15,"owned_private_repos":15,"disk_usage":83131,"collaborators":13,"two_factor_authentication":false,"plan":{"name":"pro","space":976562499,"collaborators":0,"private_repos":9999}}
[info] 
[info] ✔  Success! Logged into GitHub as kotatsumuri 
[info] 
[debug] [2021-07-19T02:00:12.308Z] >>> [apiv2][query] GET https://api.github.com/repos/mappingram/actions/secrets/public-key type=owner
[debug] [2021-07-19T02:00:12.714Z] <<< [apiv2][status] GET https://api.github.com/repos/mappingram/actions/secrets/public-key 404
[debug] [2021-07-19T02:00:12.715Z] <<< [apiv2][body] GET https://api.github.com/repos/mappingram/actions/secrets/public-key {"message":"Not Found","documentation_url":"https://docs.github.com/rest"}
